<?xml version="1.0" encoding="UTF-8"?>
<testng-results ignored="0" total="3" passed="3" failed="0" skipped="0">
  <reporter-output>
  </reporter-output>
  <suite started-at="2022-12-15T21:57:53 MST" name="Default suite" finished-at="2022-12-15T21:58:56 MST" duration-ms="62280">
    <groups>
      <group name="cucumber">
        <method signature="AbstractTestNGCucumberTests.runScenario(cucumber.api.testng.PickleEventWrapper,cucumber.api.testng.CucumberFeatureWrapper)[pri:0, instance:steps.TestRunner@14dd9eb7]" name="runScenario" class="cucumber.api.testng.AbstractTestNGCucumberTests"/>
      </group> <!-- cucumber -->
    </groups>
    <test started-at="2022-12-15T21:57:53 MST" name="Default test" finished-at="2022-12-15T21:58:56 MST" duration-ms="62280">
      <class name="steps.TestRunner">
        <test-method is-config="true" signature="setUpClass()[pri:0, instance:steps.TestRunner@14dd9eb7]" started-at="2022-12-15T21:57:53 MST" name="setUpClass" finished-at="2022-12-15T21:57:53 MST" duration-ms="85" status="PASS">
          <reporter-output>
          </reporter-output>
        </test-method> <!-- setUpClass -->
        <test-method signature="runScenario(cucumber.api.testng.PickleEventWrapper,cucumber.api.testng.CucumberFeatureWrapper)[pri:0, instance:steps.TestRunner@14dd9eb7]" started-at="2022-12-15T21:57:53 MST" name="runScenario" description="Runs Cucumber Scenarios" data-provider="scenarios" finished-at="2022-12-15T21:58:17 MST" duration-ms="23368" status="PASS">
          <params>
            <param index="0">
              <value>
                <![CDATA["TC001_DragAndDrop"]]>
              </value>
            </param>
            <param index="1">
              <value>
                <![CDATA["Automate TestAUI Application"]]>
              </value>
            </param>
          </params>
          <reporter-output>
          </reporter-output>
        </test-method> <!-- runScenario -->
        <test-method signature="runScenario(cucumber.api.testng.PickleEventWrapper,cucumber.api.testng.CucumberFeatureWrapper)[pri:0, instance:steps.TestRunner@14dd9eb7]" started-at="2022-12-15T21:58:17 MST" name="runScenario" description="Runs Cucumber Scenarios" data-provider="scenarios" finished-at="2022-12-15T21:58:23 MST" duration-ms="5794" status="PASS">
          <params>
            <param index="0">
              <value>
                <![CDATA["TC002_Draggable"]]>
              </value>
            </param>
            <param index="1">
              <value>
                <![CDATA["Automate TestAUI Application"]]>
              </value>
            </param>
          </params>
          <reporter-output>
          </reporter-output>
        </test-method> <!-- runScenario -->
        <test-method signature="runScenario(cucumber.api.testng.PickleEventWrapper,cucumber.api.testng.CucumberFeatureWrapper)[pri:0, instance:steps.TestRunner@14dd9eb7]" started-at="2022-12-15T21:58:23 MST" name="runScenario" description="Runs Cucumber Scenarios" data-provider="scenarios" finished-at="2022-12-15T21:58:56 MST" duration-ms="32933" status="PASS">
          <params>
            <param index="0">
              <value>
                <![CDATA["TC003_KeyDown"]]>
              </value>
            </param>
            <param index="1">
              <value>
                <![CDATA["Automate TestAUI Application"]]>
              </value>
            </param>
          </params>
          <reporter-output>
          </reporter-output>
        </test-method> <!-- runScenario -->
        <test-method is-config="true" signature="tearDownClass()[pri:0, instance:steps.TestRunner@14dd9eb7]" started-at="2022-12-15T21:58:56 MST" name="tearDownClass" finished-at="2022-12-15T21:58:56 MST" duration-ms="58" status="PASS">
          <reporter-output>
          </reporter-output>
        </test-method> <!-- tearDownClass -->
      </class> <!-- steps.TestRunner -->
    </test> <!-- Default test -->
  </suite> <!-- Default suite -->
</testng-results>
